[2023-08-17 00:21:59] [ INFO ] [PacienteDAOH2:174] inicio de operacion de buscado por email:evo@dh.com
[2023-08-17 00:30:09] [ INFO ] [PacienteDAOH2:174] inicio de operacion de buscado por email:evo@dh.com
[2023-08-17 00:30:09] [ INFO ] [DomicilioDAOH2:51] inicio de operacion de buscado por id: 2
[2023-08-21 21:39:52] [ INFO ] [PacienteDAOH2:24] inicio de operacion de guardado
[2023-08-21 21:48:15] [ INFO ] [PacienteDAOH2:24] inicio de operacion de guardado
[2023-08-21 21:48:15] [ INFO ] [DomicilioDAOH2:20] inicio de operacion de guardado de un domicilio null
[2023-08-21 21:56:30] [ INFO ] [PacienteDAOH2:24] inicio de operacion de guardado : jorgito
[2023-08-21 21:56:30] [ INFO ] [DomicilioDAOH2:20] inicio de operacion de guardado de un domicilio null
[2023-08-21 22:04:36] [ INFO ] [PacienteDAOH2:24] inicio de operacion de guardado : jorgito
[2023-08-21 22:04:36] [ INFO ] [DomicilioDAOH2:20] inicio de operacion de guardado de un domicilio null
[2023-08-21 22:10:07] [ INFO ] [PacienteDAOH2:24] inicio de operacion de guardado : jorgito
[2023-08-21 22:10:07] [ INFO ] [PacienteDAOH2:29] domicilio a guardar : null
[2023-08-21 22:10:07] [ INFO ] [DomicilioDAOH2:20] inicio de operacion de guardado de un domicilio null
[2023-08-21 22:22:13] [ INFO ] [PacienteDAOH2:24] inicio de operacion de guardado : jorgito
[2023-08-21 22:22:13] [ INFO ] [PacienteDAOH2:29] domicilio a guardar : null
[2023-08-21 22:22:13] [ INFO ] [DomicilioDAOH2:20] inicio de operacion de guardado de un domicilio null
[2023-08-21 22:27:01] [ INFO ] [PacienteDAOH2:24] inicio de operacion de guardado : jorgito
[2023-08-21 22:27:01] [ INFO ] [PacienteDAOH2:29] domicilio a guardar : null
[2023-08-21 22:27:01] [ INFO ] [DomicilioDAOH2:20] inicio de operacion de guardado de un domicilio null
[2023-08-21 22:32:27] [ INFO ] [PacienteDAOH2:24] inicio de operacion de guardado : jorgito
[2023-08-21 22:32:27] [ INFO ] [PacienteDAOH2:29] domicilio a guardar : null
[2023-08-21 22:32:27] [ INFO ] [DomicilioDAOH2:20] inicio de operacion de guardado de un domicilio null
[2023-08-21 22:45:29] [ INFO ] [PacienteDAOH2:24] inicio de operacion de guardado : jorgito
[2023-08-21 22:45:29] [ INFO ] [PacienteDAOH2:29] domicilio a guardar : null
[2023-08-21 22:45:29] [ INFO ] [DomicilioDAOH2:20] inicio de operacion de guardado de un domicilio null
[2023-08-21 23:17:20] [ INFO ] [PacienteDAOH2:24] inicio de operacion de guardado : jorgito
[2023-08-21 23:17:20] [ INFO ] [PacienteDAOH2:29] domicilio a guardar : null
[2023-08-21 23:17:20] [ INFO ] [DomicilioDAOH2:20] inicio de operacion de guardado de un domicilio null
[2023-08-21 23:20:10] [ INFO ] [PacienteDAOH2:59] inicio de operacion de guardado
[2023-08-21 23:20:10] [ INFO ] [DomicilioDAOH2:51] inicio de operacion de buscado por id: 1
[2023-08-21 23:20:10] [ INFO ] [PacienteDAOH2:91] inicio de operacion de actualizar el paciente con ID: 1
[2023-08-21 23:20:10] [ INFO ] [DomicilioDAOH2:80] inicio de operacion de guardado
[2023-08-21 23:20:28] [ INFO ] [PacienteDAOH2:59] inicio de operacion de guardado
[2023-08-21 23:20:29] [ INFO ] [DomicilioDAOH2:51] inicio de operacion de buscado por id: 1
[2023-08-21 23:26:11] [ INFO ] [PacienteDAOH2:59] inicio de operacion de guardado
[2023-08-21 23:26:11] [ INFO ] [DomicilioDAOH2:51] inicio de operacion de buscado por id: 1
[2023-08-21 23:26:22] [ INFO ] [PacienteDAOH2:59] inicio de operacion de guardado
[2023-08-21 23:26:23] [ INFO ] [DomicilioDAOH2:51] inicio de operacion de buscado por id: 1
[2023-08-21 23:26:23] [ INFO ] [PacienteDAOH2:92] inicio de operacion de actualizar el paciente con ID: 1
[2023-08-21 23:26:23] [ INFO ] [DomicilioDAOH2:80] inicio de operacion de guardado
[2023-08-21 23:26:29] [ INFO ] [PacienteDAOH2:59] inicio de operacion de guardado
[2023-08-21 23:26:29] [ INFO ] [DomicilioDAOH2:51] inicio de operacion de buscado por id: 1
[2023-08-21 23:27:00] [ INFO ] [PacienteDAOH2:59] inicio de operacion de guardado
[2023-08-21 23:27:00] [ INFO ] [DomicilioDAOH2:51] inicio de operacion de buscado por id: 1
[2023-08-22 00:00:40] [ INFO ] [OdontologoDAOH2:50] inicio de operacion de guardado
[2023-08-22 00:00:40] [ INFO ] [PacienteDAOH2:59] inicio de operacion de guardado
[2023-08-22 00:00:40] [ INFO ] [DomicilioDAOH2:51] inicio de operacion de buscado por id: 1
[2023-08-22 00:01:27] [ INFO ] [OdontologoDAOH2:50] inicio de operacion de guardado
[2023-08-22 00:01:27] [ INFO ] [PacienteDAOH2:59] inicio de operacion de guardado
[2023-08-22 00:01:53] [ INFO ] [OdontologoDAOH2:50] inicio de operacion de guardado
[2023-08-22 00:01:53] [ INFO ] [PacienteDAOH2:59] inicio de operacion de guardado
[2023-08-22 00:01:53] [ INFO ] [DomicilioDAOH2:51] inicio de operacion de buscado por id: 2
[2023-08-23 22:10:06] [ INFO ] [OdontologoDAOH2:125] inicio de operacion de guardado
[2023-08-23 22:10:11] [ INFO ] [OdontologoDAOH2:125] inicio de operacion de guardado
[2023-08-23 22:11:56] [ INFO ] [OdontologoDAOH2:125] inicio de operacion de listado
[2023-08-23 22:18:07] [ INFO ] [OdontologoDAOH2:125] inicio de operacion de listado
[2023-08-23 22:22:03] [ INFO ] [OdontologoDAOH2:125] inicio de operacion de listado de Odontologos
[2023-08-23 22:22:04] [ INFO ] [OdontologoDAOH2:137] inicio de operacion de objeto construido y agregado a la lista
[2023-08-23 22:22:04] [ INFO ] [OdontologoDAOH2:137] inicio de operacion de objeto construido y agregado a la lista
[2023-08-23 22:22:04] [ INFO ] [OdontologoDAOH2:150] inicio de operacion de retorno de la lista
[2023-08-23 22:24:40] [ INFO ] [OdontologoDAOH2:125] inicio de operacion de listado de Odontologos
[2023-08-23 22:24:40] [ INFO ] [OdontologoDAOH2:137] inicio de operacion de objeto construido y agregado a la lista
[2023-08-23 22:24:40] [ INFO ] [OdontologoDAOH2:137] inicio de operacion de objeto construido y agregado a la lista
[2023-08-23 22:24:41] [ INFO ] [OdontologoDAOH2:150] inicio de operacion de retorno de la lista
[2023-08-23 22:32:45] [ INFO ] [OdontologoDAOH2:125] inicio de operacion de listado de Odontologos
[2023-08-23 22:32:45] [ INFO ] [OdontologoDAOH2:137] inicio de operacion de objeto construido y agregado a la lista
[2023-08-23 22:32:45] [ INFO ] [OdontologoDAOH2:137] inicio de operacion de objeto construido y agregado a la lista
[2023-08-23 22:32:45] [ INFO ] [OdontologoDAOH2:150] inicio de operacion de retorno de la lista
[2023-08-23 22:32:48] [ INFO ] [OdontologoDAOH2:125] inicio de operacion de listado de Odontologos
[2023-08-23 22:32:48] [ INFO ] [OdontologoDAOH2:137] inicio de operacion de objeto construido y agregado a la lista
[2023-08-23 22:32:48] [ INFO ] [OdontologoDAOH2:137] inicio de operacion de objeto construido y agregado a la lista
[2023-08-23 22:32:48] [ INFO ] [OdontologoDAOH2:150] inicio de operacion de retorno de la lista
[2023-08-23 22:32:56] [ INFO ] [OdontologoDAOH2:125] inicio de operacion de listado de Odontologos
[2023-08-23 22:32:56] [ INFO ] [OdontologoDAOH2:137] inicio de operacion de objeto construido y agregado a la lista
[2023-08-23 22:32:56] [ INFO ] [OdontologoDAOH2:137] inicio de operacion de objeto construido y agregado a la lista
[2023-08-23 22:32:56] [ INFO ] [OdontologoDAOH2:150] inicio de operacion de retorno de la lista
[2023-08-23 22:34:28] [ INFO ] [OdontologoDAOH2:125] inicio de operacion de listado de Odontologos
[2023-08-23 22:34:28] [ INFO ] [OdontologoDAOH2:137] inicio de operacion de objeto construido y agregado a la lista
[2023-08-23 22:34:28] [ INFO ] [OdontologoDAOH2:137] inicio de operacion de objeto construido y agregado a la lista
[2023-08-23 22:34:28] [ INFO ] [OdontologoDAOH2:150] inicio de operacion de retorno de la lista
[2023-08-23 22:34:29] [ INFO ] [OdontologoDAOH2:125] inicio de operacion de listado de Odontologos
[2023-08-23 22:34:29] [ INFO ] [OdontologoDAOH2:137] inicio de operacion de objeto construido y agregado a la lista
[2023-08-23 22:34:29] [ INFO ] [OdontologoDAOH2:137] inicio de operacion de objeto construido y agregado a la lista
[2023-08-23 22:34:29] [ INFO ] [OdontologoDAOH2:150] inicio de operacion de retorno de la lista
[2023-08-23 22:34:29] [ INFO ] [OdontologoDAOH2:125] inicio de operacion de listado de Odontologos
[2023-08-23 22:34:29] [ INFO ] [OdontologoDAOH2:137] inicio de operacion de objeto construido y agregado a la lista
[2023-08-23 22:34:29] [ INFO ] [OdontologoDAOH2:137] inicio de operacion de objeto construido y agregado a la lista
[2023-08-23 22:34:29] [ INFO ] [OdontologoDAOH2:150] inicio de operacion de retorno de la lista
[2023-08-23 22:34:30] [ INFO ] [OdontologoDAOH2:125] inicio de operacion de listado de Odontologos
[2023-08-23 22:34:30] [ INFO ] [OdontologoDAOH2:137] inicio de operacion de objeto construido y agregado a la lista
[2023-08-23 22:34:30] [ INFO ] [OdontologoDAOH2:137] inicio de operacion de objeto construido y agregado a la lista
[2023-08-23 22:34:30] [ INFO ] [OdontologoDAOH2:150] inicio de operacion de retorno de la lista
[2023-08-23 22:34:30] [ INFO ] [OdontologoDAOH2:125] inicio de operacion de listado de Odontologos
[2023-08-23 22:34:30] [ INFO ] [OdontologoDAOH2:137] inicio de operacion de objeto construido y agregado a la lista
[2023-08-23 22:34:30] [ INFO ] [OdontologoDAOH2:137] inicio de operacion de objeto construido y agregado a la lista
[2023-08-23 22:34:30] [ INFO ] [OdontologoDAOH2:150] inicio de operacion de retorno de la lista
[2023-08-23 22:37:18] [ INFO ] [OdontologoDAOH2:125] inicio de operacion de listado de Odontologos
[2023-08-23 22:37:19] [ INFO ] [OdontologoDAOH2:137] inicio de operacion de objeto construido y agregado a la lista
[2023-08-23 22:37:19] [ INFO ] [OdontologoDAOH2:137] inicio de operacion de objeto construido y agregado a la lista
[2023-08-23 22:37:19] [ INFO ] [OdontologoDAOH2:150] inicio de operacion de retorno de la lista
[2023-08-23 22:39:15] [ INFO ] [OdontologoDAOH2:125] inicio de operacion de listado de Odontologos
[2023-08-23 22:39:15] [ INFO ] [OdontologoDAOH2:137] inicio de operacion de objeto construido y agregado a la lista
[2023-08-23 22:39:15] [ INFO ] [OdontologoDAOH2:137] inicio de operacion de objeto construido y agregado a la lista
[2023-08-23 22:39:15] [ INFO ] [OdontologoDAOH2:150] inicio de operacion de retorno de la lista
[2023-08-23 22:40:10] [ INFO ] [OdontologoDAOH2:125] inicio de operacion de listado de Odontologos
[2023-08-23 22:40:10] [ INFO ] [OdontologoDAOH2:137] inicio de operacion de objeto construido y agregado a la lista
[2023-08-23 22:40:10] [ INFO ] [OdontologoDAOH2:137] inicio de operacion de objeto construido y agregado a la lista
[2023-08-23 22:40:10] [ INFO ] [OdontologoDAOH2:150] inicio de operacion de retorno de la lista
[2023-08-23 22:40:11] [ INFO ] [OdontologoDAOH2:125] inicio de operacion de listado de Odontologos
[2023-08-23 22:40:11] [ INFO ] [OdontologoDAOH2:137] inicio de operacion de objeto construido y agregado a la lista
[2023-08-23 22:40:11] [ INFO ] [OdontologoDAOH2:137] inicio de operacion de objeto construido y agregado a la lista
[2023-08-23 22:40:12] [ INFO ] [OdontologoDAOH2:150] inicio de operacion de retorno de la lista
[2023-08-23 22:40:12] [ INFO ] [OdontologoDAOH2:125] inicio de operacion de listado de Odontologos
[2023-08-23 22:40:12] [ INFO ] [OdontologoDAOH2:137] inicio de operacion de objeto construido y agregado a la lista
[2023-08-23 22:40:12] [ INFO ] [OdontologoDAOH2:137] inicio de operacion de objeto construido y agregado a la lista
[2023-08-23 22:40:12] [ INFO ] [OdontologoDAOH2:150] inicio de operacion de retorno de la lista
[2023-08-23 22:40:13] [ INFO ] [OdontologoDAOH2:125] inicio de operacion de listado de Odontologos
[2023-08-23 22:40:13] [ INFO ] [OdontologoDAOH2:137] inicio de operacion de objeto construido y agregado a la lista
[2023-08-23 22:40:13] [ INFO ] [OdontologoDAOH2:137] inicio de operacion de objeto construido y agregado a la lista
[2023-08-23 22:40:13] [ INFO ] [OdontologoDAOH2:150] inicio de operacion de retorno de la lista
[2023-08-23 22:41:42] [ INFO ] [OdontologoDAOH2:125] inicio de operacion de listado de Odontologos
[2023-08-23 22:41:42] [ INFO ] [OdontologoDAOH2:137] inicio de operacion de objeto construido y agregado a la lista
[2023-08-23 22:41:42] [ INFO ] [OdontologoDAOH2:137] inicio de operacion de objeto construido y agregado a la lista
[2023-08-23 22:41:42] [ INFO ] [OdontologoDAOH2:150] inicio de operacion de retorno de la lista
[2023-08-23 22:45:11] [ INFO ] [OdontologoDAOH2:125] inicio de operacion de listado de Odontologos
[2023-08-23 22:45:11] [ INFO ] [OdontologoDAOH2:137] inicio de operacion de objeto construido y agregado a la lista
[2023-08-23 22:45:11] [ INFO ] [OdontologoDAOH2:137] inicio de operacion de objeto construido y agregado a la lista
[2023-08-23 22:45:11] [ INFO ] [OdontologoDAOH2:150] inicio de operacion de retorno de la lista
[2023-08-23 22:45:14] [ INFO ] [OdontologoDAOH2:125] inicio de operacion de listado de Odontologos
[2023-08-23 22:45:14] [ INFO ] [OdontologoDAOH2:137] inicio de operacion de objeto construido y agregado a la lista
[2023-08-23 22:45:14] [ INFO ] [OdontologoDAOH2:137] inicio de operacion de objeto construido y agregado a la lista
[2023-08-23 22:45:14] [ INFO ] [OdontologoDAOH2:150] inicio de operacion de retorno de la lista
[2023-08-23 22:45:15] [ INFO ] [OdontologoDAOH2:125] inicio de operacion de listado de Odontologos
[2023-08-23 22:45:15] [ INFO ] [OdontologoDAOH2:137] inicio de operacion de objeto construido y agregado a la lista
[2023-08-23 22:45:15] [ INFO ] [OdontologoDAOH2:137] inicio de operacion de objeto construido y agregado a la lista
[2023-08-23 22:45:15] [ INFO ] [OdontologoDAOH2:150] inicio de operacion de retorno de la lista
[2023-08-23 22:47:08] [ INFO ] [OdontologoDAOH2:125] inicio de operacion de listado de Odontologos
[2023-08-23 22:47:08] [ INFO ] [OdontologoDAOH2:137] inicio de operacion de objeto construido y agregado a la lista
[2023-08-23 22:47:08] [ INFO ] [OdontologoDAOH2:137] inicio de operacion de objeto construido y agregado a la lista
[2023-08-23 22:47:08] [ INFO ] [OdontologoDAOH2:150] inicio de operacion de retorno de la lista
[2023-08-23 22:47:25] [ INFO ] [OdontologoDAOH2:125] inicio de operacion de listado de Odontologos
[2023-08-23 22:47:25] [ INFO ] [OdontologoDAOH2:137] inicio de operacion de objeto construido y agregado a la lista
[2023-08-23 22:47:25] [ INFO ] [OdontologoDAOH2:137] inicio de operacion de objeto construido y agregado a la lista
[2023-08-23 22:47:25] [ INFO ] [OdontologoDAOH2:150] inicio de operacion de retorno de la lista
[2023-08-23 22:49:24] [ INFO ] [OdontologoDAOH2:125] inicio de operacion de listado de Odontologos
[2023-08-23 22:49:24] [ INFO ] [OdontologoDAOH2:137] inicio de operacion de objeto construido y agregado a la lista
[2023-08-23 22:49:24] [ INFO ] [OdontologoDAOH2:137] inicio de operacion de objeto construido y agregado a la lista
[2023-08-23 22:49:24] [ INFO ] [OdontologoDAOH2:150] inicio de operacion de retorno de la lista
[2023-08-23 22:52:32] [ INFO ] [OdontologoDAOH2:125] inicio de operacion de listado de Odontologos
[2023-08-23 22:52:32] [ INFO ] [OdontologoDAOH2:137] inicio de operacion de objeto construido y agregado a la lista
[2023-08-23 22:52:32] [ INFO ] [OdontologoDAOH2:137] inicio de operacion de objeto construido y agregado a la lista
[2023-08-23 22:52:32] [ INFO ] [OdontologoDAOH2:150] inicio de operacion de retorno de la lista
[2023-08-23 22:52:42] [ INFO ] [OdontologoDAOH2:125] inicio de operacion de listado de Odontologos
[2023-08-23 22:52:42] [ INFO ] [OdontologoDAOH2:137] inicio de operacion de objeto construido y agregado a la lista
[2023-08-23 22:52:42] [ INFO ] [OdontologoDAOH2:137] inicio de operacion de objeto construido y agregado a la lista
[2023-08-23 22:52:42] [ INFO ] [OdontologoDAOH2:150] inicio de operacion de retorno de la lista
[2023-08-23 22:55:28] [ INFO ] [OdontologoDAOH2:125] inicio de operacion de listado de Odontologos
[2023-08-23 22:55:28] [ INFO ] [OdontologoDAOH2:137] inicio de operacion de objeto construido y agregado a la lista
[2023-08-23 22:55:28] [ INFO ] [OdontologoDAOH2:137] inicio de operacion de objeto construido y agregado a la lista
[2023-08-23 22:55:28] [ INFO ] [OdontologoDAOH2:150] inicio de operacion de retorno de la lista
[2023-08-23 22:58:32] [ INFO ] [OdontologoDAOH2:125] inicio de operacion de listado de Odontologos
[2023-08-23 22:58:32] [ INFO ] [OdontologoDAOH2:137] inicio de operacion de objeto construido y agregado a la lista
[2023-08-23 22:58:32] [ INFO ] [OdontologoDAOH2:137] inicio de operacion de objeto construido y agregado a la lista
[2023-08-23 22:58:32] [ INFO ] [OdontologoDAOH2:150] inicio de operacion de retorno de la lista
[2023-08-23 22:59:49] [ INFO ] [OdontologoDAOH2:125] inicio de operacion de listado de Odontologos
[2023-08-23 22:59:49] [ INFO ] [OdontologoDAOH2:137] inicio de operacion de objeto construido y agregado a la lista
[2023-08-23 22:59:49] [ INFO ] [OdontologoDAOH2:137] inicio de operacion de objeto construido y agregado a la lista
[2023-08-23 22:59:49] [ INFO ] [OdontologoDAOH2:150] inicio de operacion de retorno de la lista
[2023-08-23 23:01:34] [ INFO ] [OdontologoDAOH2:125] inicio de operacion de listado de Odontologos
[2023-08-23 23:01:34] [ INFO ] [OdontologoDAOH2:137] inicio de operacion de objeto construido y agregado a la lista
[2023-08-23 23:01:34] [ INFO ] [OdontologoDAOH2:137] inicio de operacion de objeto construido y agregado a la lista
[2023-08-23 23:01:34] [ INFO ] [OdontologoDAOH2:150] inicio de operacion de retorno de la lista
[2023-08-23 23:06:00] [ INFO ] [OdontologoDAOH2:125] inicio de operacion de listado de Odontologos
[2023-08-23 23:06:00] [ INFO ] [OdontologoDAOH2:137] inicio de operacion de objeto construido y agregado a la lista
[2023-08-23 23:06:00] [ INFO ] [OdontologoDAOH2:137] inicio de operacion de objeto construido y agregado a la lista
[2023-08-23 23:06:00] [ INFO ] [OdontologoDAOH2:150] inicio de operacion de retorno de la lista
[2023-08-23 23:08:02] [ INFO ] [OdontologoDAOH2:125] inicio de operacion de listado de Odontologos
[2023-08-23 23:08:02] [ INFO ] [OdontologoDAOH2:137] inicio de operacion de objeto construido y agregado a la lista
[2023-08-23 23:08:02] [ INFO ] [OdontologoDAOH2:137] inicio de operacion de objeto construido y agregado a la lista
[2023-08-23 23:08:02] [ INFO ] [OdontologoDAOH2:150] inicio de operacion de retorno de la lista
[2023-08-23 23:16:51] [ INFO ] [OdontologoDAOH2:125] inicio de operacion de listado de Odontologos
[2023-08-23 23:16:51] [ INFO ] [OdontologoDAOH2:137] inicio de operacion de objeto construido y agregado a la lista
[2023-08-23 23:16:51] [ INFO ] [OdontologoDAOH2:137] inicio de operacion de objeto construido y agregado a la lista
[2023-08-23 23:16:51] [ INFO ] [OdontologoDAOH2:150] inicio de operacion de retorno de la lista
[2023-08-23 23:17:19] [ INFO ] [OdontologoDAOH2:125] inicio de operacion de listado de Odontologos
[2023-08-23 23:17:19] [ INFO ] [OdontologoDAOH2:137] inicio de operacion de objeto construido y agregado a la lista
[2023-08-23 23:17:19] [ INFO ] [OdontologoDAOH2:137] inicio de operacion de objeto construido y agregado a la lista
[2023-08-23 23:17:19] [ INFO ] [OdontologoDAOH2:150] inicio de operacion de retorno de la lista
[2023-08-23 23:25:57] [ INFO ] [OdontologoDAOH2:20] inicio de operacion de guardado del odontologo : null
[2023-08-23 23:27:28] [ INFO ] [OdontologoDAOH2:125] inicio de operacion de listado de Odontologos
[2023-08-23 23:27:28] [ INFO ] [OdontologoDAOH2:137] inicio de operacion de objeto construido y agregado a la lista
[2023-08-23 23:27:28] [ INFO ] [OdontologoDAOH2:137] inicio de operacion de objeto construido y agregado a la lista
[2023-08-23 23:27:28] [ INFO ] [OdontologoDAOH2:137] inicio de operacion de objeto construido y agregado a la lista
[2023-08-23 23:27:28] [ INFO ] [OdontologoDAOH2:150] inicio de operacion de retorno de la lista
