[2023-08-17 00:21:59] [ INFO ] [PacienteDAOH2:174] inicio de operacion de buscado por email:evo@dh.com
[2023-08-17 00:30:09] [ INFO ] [PacienteDAOH2:174] inicio de operacion de buscado por email:evo@dh.com
[2023-08-17 00:30:09] [ INFO ] [DomicilioDAOH2:51] inicio de operacion de buscado por id: 2
[2023-08-21 21:39:52] [ INFO ] [PacienteDAOH2:24] inicio de operacion de guardado
[2023-08-21 21:48:15] [ INFO ] [PacienteDAOH2:24] inicio de operacion de guardado
[2023-08-21 21:48:15] [ INFO ] [DomicilioDAOH2:20] inicio de operacion de guardado de un domicilio null
[2023-08-21 21:56:30] [ INFO ] [PacienteDAOH2:24] inicio de operacion de guardado : jorgito
[2023-08-21 21:56:30] [ INFO ] [DomicilioDAOH2:20] inicio de operacion de guardado de un domicilio null
[2023-08-21 22:04:36] [ INFO ] [PacienteDAOH2:24] inicio de operacion de guardado : jorgito
[2023-08-21 22:04:36] [ INFO ] [DomicilioDAOH2:20] inicio de operacion de guardado de un domicilio null
[2023-08-21 22:10:07] [ INFO ] [PacienteDAOH2:24] inicio de operacion de guardado : jorgito
[2023-08-21 22:10:07] [ INFO ] [PacienteDAOH2:29] domicilio a guardar : null
[2023-08-21 22:10:07] [ INFO ] [DomicilioDAOH2:20] inicio de operacion de guardado de un domicilio null
[2023-08-21 22:22:13] [ INFO ] [PacienteDAOH2:24] inicio de operacion de guardado : jorgito
[2023-08-21 22:22:13] [ INFO ] [PacienteDAOH2:29] domicilio a guardar : null
[2023-08-21 22:22:13] [ INFO ] [DomicilioDAOH2:20] inicio de operacion de guardado de un domicilio null
[2023-08-21 22:27:01] [ INFO ] [PacienteDAOH2:24] inicio de operacion de guardado : jorgito
[2023-08-21 22:27:01] [ INFO ] [PacienteDAOH2:29] domicilio a guardar : null
[2023-08-21 22:27:01] [ INFO ] [DomicilioDAOH2:20] inicio de operacion de guardado de un domicilio null
[2023-08-21 22:32:27] [ INFO ] [PacienteDAOH2:24] inicio de operacion de guardado : jorgito
[2023-08-21 22:32:27] [ INFO ] [PacienteDAOH2:29] domicilio a guardar : null
[2023-08-21 22:32:27] [ INFO ] [DomicilioDAOH2:20] inicio de operacion de guardado de un domicilio null
[2023-08-21 22:45:29] [ INFO ] [PacienteDAOH2:24] inicio de operacion de guardado : jorgito
[2023-08-21 22:45:29] [ INFO ] [PacienteDAOH2:29] domicilio a guardar : null
[2023-08-21 22:45:29] [ INFO ] [DomicilioDAOH2:20] inicio de operacion de guardado de un domicilio null
[2023-08-21 23:17:20] [ INFO ] [PacienteDAOH2:24] inicio de operacion de guardado : jorgito
[2023-08-21 23:17:20] [ INFO ] [PacienteDAOH2:29] domicilio a guardar : null
[2023-08-21 23:17:20] [ INFO ] [DomicilioDAOH2:20] inicio de operacion de guardado de un domicilio null
[2023-08-21 23:20:10] [ INFO ] [PacienteDAOH2:59] inicio de operacion de guardado
[2023-08-21 23:20:10] [ INFO ] [DomicilioDAOH2:51] inicio de operacion de buscado por id: 1
[2023-08-21 23:20:10] [ INFO ] [PacienteDAOH2:91] inicio de operacion de actualizar el paciente con ID: 1
[2023-08-21 23:20:10] [ INFO ] [DomicilioDAOH2:80] inicio de operacion de guardado
[2023-08-21 23:20:28] [ INFO ] [PacienteDAOH2:59] inicio de operacion de guardado
[2023-08-21 23:20:29] [ INFO ] [DomicilioDAOH2:51] inicio de operacion de buscado por id: 1
[2023-08-21 23:26:11] [ INFO ] [PacienteDAOH2:59] inicio de operacion de guardado
[2023-08-21 23:26:11] [ INFO ] [DomicilioDAOH2:51] inicio de operacion de buscado por id: 1
[2023-08-21 23:26:22] [ INFO ] [PacienteDAOH2:59] inicio de operacion de guardado
[2023-08-21 23:26:23] [ INFO ] [DomicilioDAOH2:51] inicio de operacion de buscado por id: 1
[2023-08-21 23:26:23] [ INFO ] [PacienteDAOH2:92] inicio de operacion de actualizar el paciente con ID: 1
[2023-08-21 23:26:23] [ INFO ] [DomicilioDAOH2:80] inicio de operacion de guardado
[2023-08-21 23:26:29] [ INFO ] [PacienteDAOH2:59] inicio de operacion de guardado
[2023-08-21 23:26:29] [ INFO ] [DomicilioDAOH2:51] inicio de operacion de buscado por id: 1
[2023-08-21 23:27:00] [ INFO ] [PacienteDAOH2:59] inicio de operacion de guardado
[2023-08-21 23:27:00] [ INFO ] [DomicilioDAOH2:51] inicio de operacion de buscado por id: 1
[2023-08-22 00:00:40] [ INFO ] [OdontologoDAOH2:50] inicio de operacion de guardado
[2023-08-22 00:00:40] [ INFO ] [PacienteDAOH2:59] inicio de operacion de guardado
[2023-08-22 00:00:40] [ INFO ] [DomicilioDAOH2:51] inicio de operacion de buscado por id: 1
[2023-08-22 00:01:27] [ INFO ] [OdontologoDAOH2:50] inicio de operacion de guardado
[2023-08-22 00:01:27] [ INFO ] [PacienteDAOH2:59] inicio de operacion de guardado
[2023-08-22 00:01:53] [ INFO ] [OdontologoDAOH2:50] inicio de operacion de guardado
[2023-08-22 00:01:53] [ INFO ] [PacienteDAOH2:59] inicio de operacion de guardado
[2023-08-22 00:01:53] [ INFO ] [DomicilioDAOH2:51] inicio de operacion de buscado por id: 2
[2023-08-23 22:10:06] [ INFO ] [OdontologoDAOH2:125] inicio de operacion de guardado
[2023-08-23 22:10:11] [ INFO ] [OdontologoDAOH2:125] inicio de operacion de guardado
[2023-08-23 22:11:56] [ INFO ] [OdontologoDAOH2:125] inicio de operacion de listado
[2023-08-23 22:18:07] [ INFO ] [OdontologoDAOH2:125] inicio de operacion de listado
[2023-08-23 22:22:03] [ INFO ] [OdontologoDAOH2:125] inicio de operacion de listado de Odontologos
[2023-08-23 22:22:04] [ INFO ] [OdontologoDAOH2:137] inicio de operacion de objeto construido y agregado a la lista
[2023-08-23 22:22:04] [ INFO ] [OdontologoDAOH2:137] inicio de operacion de objeto construido y agregado a la lista
[2023-08-23 22:22:04] [ INFO ] [OdontologoDAOH2:150] inicio de operacion de retorno de la lista
